<?xml version="1.0" encoding="UTF-8"?>
<!-- Generated by org.testng.reporters.JUnitXMLReporter -->
<testsuite hostname="BLRKEC334480D" ignored="0" name="Command line test b9527879-45c7-4787-99d9-ecd0c4fd537c" tests="1" failures="1" timestamp="04 Oct 2018 08:09:28 GMT" time="15.683" errors="0">
  <testcase name="EndToEndTest" time="15.577" classname="app.tests.EndToEndTestCases">
    <failure type="java.lang.NullPointerException">
      <![CDATA[java.lang.NullPointerException
	at iFast.pages.DashboardPage.goToTestCasePage(Unknown Source)
	at app.tests.EndToEndTestCases.EndToEndTest(Unknown Source)
	at java.util.concurrent.ThreadPoolExecutor.runWorker(ThreadPoolExecutor.java:1149)
	at java.util.concurrent.ThreadPoolExecutor$Worker.run(ThreadPoolExecutor.java:624)
	at java.lang.Thread.run(Thread.java:748)
... Removed 10 stack frames]]>
    </failure>
  </testcase> <!-- EndToEndTest -->
</testsuite> <!-- Command line test b9527879-45c7-4787-99d9-ecd0c4fd537c -->
