<?xml version="1.0" encoding="UTF-8"?>
<!-- Generated by org.testng.reporters.JUnitXMLReporter -->
<testsuite hostname="BLRKEC334480D" ignored="0" name="Command line test 65358b4f-cce2-435a-9c3b-30c2d4fd9378" tests="1" failures="1" timestamp="01 Oct 2018 08:04:00 GMT" time="158.812" errors="0">
  <testcase name="EndToEndTest" time="154.817" classname="app.tests.EndToEndTestCases">
    <failure type="java.lang.NullPointerException">
      <![CDATA[java.lang.NullPointerException
	at app.pages.DeviceControlPage.selectMode(Unknown Source)
	at app.tests.EndToEndTestCases.EndToEndTest(Unknown Source)
	at java.util.concurrent.ThreadPoolExecutor.runWorker(ThreadPoolExecutor.java:1149)
	at java.util.concurrent.ThreadPoolExecutor$Worker.run(ThreadPoolExecutor.java:624)
	at java.lang.Thread.run(Thread.java:748)
... Removed 10 stack frames]]>
    </failure>
  </testcase> <!-- EndToEndTest -->
</testsuite> <!-- Command line test 65358b4f-cce2-435a-9c3b-30c2d4fd9378 -->
