<?xml version="1.0" encoding="UTF-8"?>
<!-- Generated by org.testng.reporters.JUnitXMLReporter -->
<testsuite hostname="BLRKEC334480D" ignored="0" name="Command line test b3b7d43f-7365-4af8-b079-d579720ef172" tests="1" failures="1" timestamp="04 Oct 2018 09:40:51 GMT" time="252.106" errors="0">
  <testcase name="EndToEndTest" time="247.826" classname="app.tests.EndToEndTestCases">
    <failure type="java.lang.NullPointerException">
      <![CDATA[java.lang.NullPointerException
	at iFast.pages.LoginPage.loginToiFast(Unknown Source)
	at app.tests.EndToEndTestCases.EndToEndTest(Unknown Source)
	at java.util.concurrent.ThreadPoolExecutor.runWorker(ThreadPoolExecutor.java:1149)
	at java.util.concurrent.ThreadPoolExecutor$Worker.run(ThreadPoolExecutor.java:624)
	at java.lang.Thread.run(Thread.java:748)
... Removed 10 stack frames]]>
    </failure>
  </testcase> <!-- EndToEndTest -->
</testsuite> <!-- Command line test b3b7d43f-7365-4af8-b079-d579720ef172 -->
