<?xml version="1.0" encoding="UTF-8"?>
<!-- Generated by org.testng.reporters.JUnitXMLReporter -->
<testsuite hostname="BLRKEC334480D" ignored="0" name="Command line test 0aa57260-f206-4d9f-bf18-0df5fc55a006" tests="1" failures="1" timestamp="04 Oct 2018 09:34:46 GMT" time="17.775" errors="0">
  <testcase name="EndToEndTest" time="17.663" classname="app.tests.EndToEndTestCases">
    <failure type="java.lang.NullPointerException">
      <![CDATA[java.lang.NullPointerException
	at core.Action.findElement(Unknown Source)
	at app.pages.HomePage.signIn(Unknown Source)
	at app.tests.EndToEndTestCases.EndToEndTest(Unknown Source)
	at java.util.concurrent.ThreadPoolExecutor.runWorker(ThreadPoolExecutor.java:1149)
	at java.util.concurrent.ThreadPoolExecutor$Worker.run(ThreadPoolExecutor.java:624)
	at java.lang.Thread.run(Thread.java:748)
... Removed 10 stack frames]]>
    </failure>
  </testcase> <!-- EndToEndTest -->
</testsuite> <!-- Command line test 0aa57260-f206-4d9f-bf18-0df5fc55a006 -->
