<?xml version="1.0" encoding="UTF-8"?>
<testng-results skipped="0" failed="0" ignored="0" total="1" passed="1">
  <reporter-output>
    <line>
      <![CDATA[05-Oct-2018 02:41:08 PM : Click on Sign in Button]]>
    </line>
    <line>
      <![CDATA[05-Oct-2018 02:41:34 PM : Entering the login credentials: Username-appanna.udapudi@gmail.com Password-Password10#]]>
    </line>
    <line>
      <![CDATA[05-Oct-2018 02:42:27 PM : Clicking on the added device in home page]]>
    </line>
    <line>
      <![CDATA[05-Oct-2018 02:42:30 PM : Already selected mode:Manual]]>
    </line>
    <line>
      <![CDATA[05-Oct-2018 02:42:34 PM : Selecting mode:turbo]]>
    </line>
    <line>
      <![CDATA[05-Oct-2018 02:42:37 PM : Increase fan speed]]>
    </line>
    <line>
      <![CDATA[05-Oct-2018 02:42:54 PM : Decrease fan speed]]>
    </line>
    <line>
      <![CDATA[05-Oct-2018 02:43:05 PM : Click On Details Section]]>
    </line>
    <line>
      <![CDATA[05-Oct-2018 02:43:07 PM : Click On :Firmware value in details widget]]>
    </line>
    <line>
      <![CDATA[05-Oct-2018 02:43:08 PM : Verify firmware details]]>
    </line>
    <line>
      <![CDATA[05-Oct-2018 02:43:14 PM : The firmware version is 1.5.8206]]>
    </line>
    <line>
      <![CDATA[05-Oct-2018 02:43:14 PM : The release date is 7/30/2018]]>
    </line>
    <line>
      <![CDATA[05-Oct-2018 02:43:14 PM : The installation date is 9/7/2018]]>
    </line>
    <line>
      <![CDATA[05-Oct-2018 02:43:14 PM : User goes back 3 times]]>
    </line>
    <line>
      <![CDATA[05-Oct-2018 02:43:21 PM : User Sign out]]>
    </line>
    <line>
      <![CDATA[05-Oct-2018 02:43:33 PM : Reading bluetooth scan file. Output in console]]>
    </line>
    <line>
      <![CDATA[05-Oct-2018 02:43:41 PM : Logging in to iFast with credetionals: username:Amway Password:Amway]]>
    </line>
    <line>
      <![CDATA[05-Oct-2018 02:43:46 PM : Click on Open to open the project list]]>
    </line>
    <line>
      <![CDATA[05-Oct-2018 02:43:47 PM : Click on Category test:AMWAYTESTAPI]]>
    </line>
    <line>
      <![CDATA[05-Oct-2018 02:43:50 PM : Click on Subcategory test:API TEST]]>
    </line>
    <line>
      <![CDATA[05-Oct-2018 02:43:53 PM : Click on Run Button in TestCase page]]>
    </line>
    <line>
      <![CDATA[05-Oct-2018 02:43:55 PM : Click on Run Button in Run And Execution Page]]>
    </line>
    <line>
      <![CDATA[05-Oct-2018 02:43:56 PM : Click on No in save report]]>
    </line>
    <line>
      <![CDATA[05-Oct-2018 02:43:58 PM : Get the details from ifast Report]]>
    </line>
    <line>
      <![CDATA[05-Oct-2018 02:43:58 PM : Total test case count is:1]]>
    </line>
    <line>
      <![CDATA[05-Oct-2018 02:43:58 PM : Total test case passed is:0]]>
    </line>
    <line>
      <![CDATA[05-Oct-2018 02:43:59 PM : Total test case failed is:1]]>
    </line>
    <line>
      <![CDATA[05-Oct-2018 02:43:59 PM : Pass Percentage:0 %]]>
    </line>
    <line>
      <![CDATA[05-Oct-2018 02:43:59 PM : Fail Percentage:100 %]]>
    </line>
  </reporter-output>
  <suite name="Test Results" duration-ms="225041" started-at="2018-10-05T09:10:14Z" finished-at="2018-10-05T09:13:59Z">
    <groups>
      <group name="EndToEndTest">
        <method signature="EndToEndTestCases.EndToEndTest()[pri:0, instance:app.tests.EndToEndTestCases@7331196b]" name="EndToEndTest" class="app.tests.EndToEndTestCases"/>
      </group> <!-- EndToEndTest -->
    </groups>
    <test name="Command line test 1313d4f6-71b6-4489-a29c-fc44cc4196e5" duration-ms="225041" started-at="2018-10-05T09:10:14Z" finished-at="2018-10-05T09:13:59Z">
      <class name="app.tests.EndToEndTestCases">
        <test-method status="PASS" signature="EndToEndTest()[pri:0, instance:app.tests.EndToEndTestCases@7331196b]" name="EndToEndTest" duration-ms="224938" started-at="2018-10-05T14:40:14Z" finished-at="2018-10-05T14:43:59Z">
          <reporter-output>
            <line>
              <![CDATA[05-Oct-2018 02:41:08 PM : Click on Sign in Button]]>
            </line>
            <line>
              <![CDATA[05-Oct-2018 02:41:34 PM : Entering the login credentials: Username-appanna.udapudi@gmail.com Password-Password10#]]>
            </line>
            <line>
              <![CDATA[05-Oct-2018 02:42:27 PM : Clicking on the added device in home page]]>
            </line>
            <line>
              <![CDATA[05-Oct-2018 02:42:30 PM : Already selected mode:Manual]]>
            </line>
            <line>
              <![CDATA[05-Oct-2018 02:42:34 PM : Selecting mode:turbo]]>
            </line>
            <line>
              <![CDATA[05-Oct-2018 02:42:37 PM : Increase fan speed]]>
            </line>
            <line>
              <![CDATA[05-Oct-2018 02:42:54 PM : Decrease fan speed]]>
            </line>
            <line>
              <![CDATA[05-Oct-2018 02:43:05 PM : Click On Details Section]]>
            </line>
            <line>
              <![CDATA[05-Oct-2018 02:43:07 PM : Click On :Firmware value in details widget]]>
            </line>
            <line>
              <![CDATA[05-Oct-2018 02:43:08 PM : Verify firmware details]]>
            </line>
            <line>
              <![CDATA[05-Oct-2018 02:43:14 PM : The firmware version is 1.5.8206]]>
            </line>
            <line>
              <![CDATA[05-Oct-2018 02:43:14 PM : The release date is 7/30/2018]]>
            </line>
            <line>
              <![CDATA[05-Oct-2018 02:43:14 PM : The installation date is 9/7/2018]]>
            </line>
            <line>
              <![CDATA[05-Oct-2018 02:43:14 PM : User goes back 3 times]]>
            </line>
            <line>
              <![CDATA[05-Oct-2018 02:43:21 PM : User Sign out]]>
            </line>
            <line>
              <![CDATA[05-Oct-2018 02:43:33 PM : Reading bluetooth scan file. Output in console]]>
            </line>
            <line>
              <![CDATA[05-Oct-2018 02:43:41 PM : Logging in to iFast with credetionals: username:Amway Password:Amway]]>
            </line>
            <line>
              <![CDATA[05-Oct-2018 02:43:46 PM : Click on Open to open the project list]]>
            </line>
            <line>
              <![CDATA[05-Oct-2018 02:43:47 PM : Click on Category test:AMWAYTESTAPI]]>
            </line>
            <line>
              <![CDATA[05-Oct-2018 02:43:50 PM : Click on Subcategory test:API TEST]]>
            </line>
            <line>
              <![CDATA[05-Oct-2018 02:43:53 PM : Click on Run Button in TestCase page]]>
            </line>
            <line>
              <![CDATA[05-Oct-2018 02:43:55 PM : Click on Run Button in Run And Execution Page]]>
            </line>
            <line>
              <![CDATA[05-Oct-2018 02:43:56 PM : Click on No in save report]]>
            </line>
            <line>
              <![CDATA[05-Oct-2018 02:43:58 PM : Get the details from ifast Report]]>
            </line>
            <line>
              <![CDATA[05-Oct-2018 02:43:58 PM : Total test case count is:1]]>
            </line>
            <line>
              <![CDATA[05-Oct-2018 02:43:58 PM : Total test case passed is:0]]>
            </line>
            <line>
              <![CDATA[05-Oct-2018 02:43:59 PM : Total test case failed is:1]]>
            </line>
            <line>
              <![CDATA[05-Oct-2018 02:43:59 PM : Pass Percentage:0 %]]>
            </line>
            <line>
              <![CDATA[05-Oct-2018 02:43:59 PM : Fail Percentage:100 %]]>
            </line>
          </reporter-output>
        </test-method> <!-- EndToEndTest -->
      </class> <!-- app.tests.EndToEndTestCases -->
    </test> <!-- Command line test 1313d4f6-71b6-4489-a29c-fc44cc4196e5 -->
  </suite> <!-- Test Results -->
</testng-results>
